2026-02-18T19:34:21.567-06:00  INFO 33948 --- [           main] com.example.demo.TestProjApplication     : Starting TestProjApplication v0.0.1-SNAPSHOT using Java 21.0.10 with PID 33948 (/home/gobot/Dev/Spring/test-proj/target/test-proj-0.0.1-SNAPSHOT.jar started by gobot in /home/gobot/Dev/Spring/test-proj)
2026-02-18T19:34:21.572-06:00  INFO 33948 --- [           main] com.example.demo.TestProjApplication     : No active profile set, falling back to 1 default profile: "default"
2026-02-18T19:34:22.344-06:00  INFO 33948 --- [           main] o.s.b.w.embedded.tomcat.TomcatWebServer  : Tomcat initialized with port(s): 8080 (http)
2026-02-18T19:34:22.355-06:00  INFO 33948 --- [           main] o.apache.catalina.core.StandardService   : Starting service [Tomcat]
2026-02-18T19:34:22.355-06:00  INFO 33948 --- [           main] o.apache.catalina.core.StandardEngine    : Starting Servlet engine: [Apache Tomcat/10.1.13]
2026-02-18T19:34:22.435-06:00  INFO 33948 --- [           main] o.a.c.c.C.[Tomcat].[localhost].[/]       : Initializing Spring embedded WebApplicationContext
2026-02-18T19:34:22.437-06:00  INFO 33948 --- [           main] w.s.c.ServletWebServerApplicationContext : Root WebApplicationContext: initialization completed in 813 ms
2026-02-18T19:34:22.634-06:00  INFO 33948 --- [           main] o.s.b.a.w.s.WelcomePageHandlerMapping    : Adding welcome page: class path resource [static/index.html]
2026-02-18T19:34:22.752-06:00  INFO 33948 --- [           main] o.s.b.w.embedded.tomcat.TomcatWebServer  : Tomcat started on port(s): 8080 (http) with context path ''
2026-02-18T19:34:22.779-06:00  INFO 33948 --- [           main] com.example.demo.TestProjApplication     : Started TestProjApplication in 1.619 seconds (process running for 2.035)
2026-02-18T19:34:22.804-06:00  INFO 33948 --- [nio-8080-exec-1] o.a.c.c.C.[Tomcat].[localhost].[/]       : Initializing Spring DispatcherServlet 'dispatcherServlet'
2026-02-18T19:34:22.804-06:00  INFO 33948 --- [nio-8080-exec-1] o.s.web.servlet.DispatcherServlet        : Initializing Servlet 'dispatcherServlet'
2026-02-18T19:34:22.806-06:00  INFO 33948 --- [nio-8080-exec-1] o.s.web.servlet.DispatcherServlet        : Completed initialization in 2 ms
Exception in thread "SpringApplicationShutdownHook" java.lang.NoClassDefFoundError: ch/qos/logback/classic/spi/ThrowableProxy
	at ch.qos.logback.classic.spi.LoggingEvent.<init>(LoggingEvent.java:143)
	at ch.qos.logback.classic.Logger.buildLoggingEventAndAppend(Logger.java:424)
	at ch.qos.logback.classic.Logger.filterAndLog_0_Or3Plus(Logger.java:386)
	at ch.qos.logback.classic.Logger.log(Logger.java:780)
	at org.apache.commons.logging.LogAdapter$Slf4jLocationAwareLog.warn(LogAdapter.java:438)
	at org.springframework.context.support.AbstractApplicationContext.doClose(AbstractApplicationContext.java:1071)
	at org.springframework.boot.web.servlet.context.ServletWebServerApplicationContext.doClose(ServletWebServerApplicationContext.java:173)
	at org.springframework.context.support.AbstractApplicationContext.close(AbstractApplicationContext.java:1027)
	at org.springframework.boot.SpringApplicationShutdownHook.closeAndWait(SpringApplicationShutdownHook.java:145)
	at java.base/java.lang.Iterable.forEach(Iterable.java:75)
	at org.springframework.boot.SpringApplicationShutdownHook.run(SpringApplicationShutdownHook.java:114)
	at java.base/java.lang.Thread.run(Thread.java:1583)
Caused by: java.lang.ClassNotFoundException: ch.qos.logback.classic.spi.ThrowableProxy
	... 12 more
